[0m[[0m[0mdebug[0m] [0m[0m> Exec(run, Some(10878b37-82c0-46e3-8066-0b056f43b634), Some(CommandSource(console0)))[0m
[0m[[0m[0mdebug[0m] [0m[0mEvaluating tasks: Compile / run[0m
[0m[[0m[0mdebug[0m] [0m[0mRunning task... Cancel: bloop.integrations.sbt.Offloader$$anon$1@72a34537, check cycles: false, forcegc: true[0m
[0m[[0m[0mdebug[0m] [0m[0mjsonRpcNotify: JsonRpcNotificationMessage(2.0, build/taskStart, {"taskId":{"id":"28","parents":[]},"eventTime":1638568484737,"message":"Compiling root","dataKind":"compile-task","data":{"target":{"uri":"file:/home/adricu/workspace/fun/advent2021/#root/Compile"}}})[0m
[0m[[0m[0minfo[0m] [0m[0mcompiling 1 Scala source to /home/adricu/workspace/fun/advent2021/target/scala-3.1.0/classes ...[0m
[0m[[0m[0mdebug[0m] [0m[0mjsonRpcNotify: JsonRpcNotificationMessage(2.0, build/logMessage, {"type":3,"message":"compiling 1 Scala source to /home/adricu/workspace/fun/advent2021/target/scala-3.1.0/classes ..."})[0m
[0m[[0m[0mdebug[0m] [0m[0mjsonRpcNotify: JsonRpcNotificationMessage(2.0, build/publishDiagnostics, {"textDocument":{"uri":"file:///home/adricu/workspace/fun/advent2021/src/main/scala/Main.scala"},"buildTarget":{"uri":"file:/home/adricu/workspace/fun/advent2021/#root/Compile"},"diagnostics":[],"reset":true})[0m
[0m[[0m[0mdebug[0m] [0m[0mjsonRpcNotify: JsonRpcNotificationMessage(2.0, build/taskFinish, {"taskId":{"id":"28","parents":[]},"eventTime":1638568485018,"message":"Compiled root","status":1,"dataKind":"compile-report","data":{"target":{"uri":"file:/home/adricu/workspace/fun/advent2021/#root/Compile"},"errors":0,"warnings":0,"time":281}})[0m
[0m[[0m[0mdebug[0m] [0m[0mjsonRpcNotify: JsonRpcNotificationMessage(2.0, build/logMessage, {"type":3,"message":"running count_increases "})[0m
[0m[[0m[0mdebug[0m] [0m[0mjsonRpcNotify: JsonRpcNotificationMessage(2.0, build/logMessage, {"type":4,"message":"Waiting for threads to exit or System.exit to be called."})[0m
[0m[[0m[0mdebug[0m] [0m[0mjsonRpcNotify: JsonRpcNotificationMessage(2.0, build/logMessage, {"type":4,"message":"Waiting for thread run-main-18 to terminate."})[0m
[0m[[0m[0mdebug[0m] [0m[0mjsonRpcNotify: JsonRpcNotificationMessage(2.0, build/logMessage, {"type":4,"message":"  Classpath:\n\t/home/adricu/workspace/fun/advent2021/target/bg-jobs/sbt_d224a52d/job-25/target/a367616f/05c22452/advent2021_3-0.1.0-SNAPSHOT.jar\n\t/home/adricu/workspace/fun/advent2021/target/bg-jobs/sbt_d224a52d/target/eede4d8c/f6edefd9/scala3-library_3-3.1.0.jar\n\t/home/adricu/workspace/fun/advent2021/target/bg-jobs/sbt_d224a52d/target/302164f6/184a7a50/scala-library-2.13.6.jar"})[0m
[0m[[0m[0mdebug[0m] [0m[0mjsonRpcNotify: JsonRpcNotificationMessage(2.0, build/logMessage, {"type":1,"message":"(run-main-18) java.lang.NumberFormatException: For input string: \"\""})[0m
[0m[[0m[0mdebug[0m] [0m[0mjsonRpcNotify: JsonRpcNotificationMessage(2.0, build/logMessage, {"type":1,"message":"java.lang.NumberFormatException: For input string: \"\"\n\tat java.lang.NumberFormatException.forInputString(NumberFormatException.java:65)\n\tat java.lang.Integer.parseInt(Integer.java:592)\n\tat java.lang.Integer.parseInt(Integer.java:615)\n\tat scala.collection.StringOps$.toInt$extension(StringOps.scala:910)\n\tat Main$package$.count_increases$$anonfun$1(Main.scala:10)\n\tat scala.runtime.function.JProcedure1.apply(JProcedure1.java:15)\n\tat scala.runtime.function.JProcedure1.apply(JProcedure1.java:10)\n\tat scala.collection.IterableOnceOps.foreach(IterableOnce.scala:563)\n\tat scala.collection.IterableOnceOps.foreach$(IterableOnce.scala:561)\n\tat scala.collection.AbstractIterator.foreach(Iterator.scala:1288)\n\tat Main$package$.count_increases(Main.scala:11)\n\tat count_increases.main(Main.scala:4)\n\tat sun.reflect.NativeMethodAccessorImpl.invoke0(Native Method)\n\tat sun.reflect.NativeMethodAccessorImpl.invoke(NativeMethodAccessorImpl.java:62)\n\tat sun.reflect.DelegatingMethodAccessorImpl.invoke(DelegatingMethodAccessorImpl.java:43)\n\tat java.lang.reflect.Method.invoke(Method.java:498)\n\tat sbt.Run.invokeMain(Run.scala:133)\n\tat sbt.Run.execute$1(Run.scala:82)\n\tat sbt.Run.$anonfun$runWithLoader$5(Run.scala:110)\n\tat scala.runtime.java8.JFunction0$mcV$sp.apply(JFunction0$mcV$sp.java:23)\n\tat sbt.util.InterfaceUtil$$anon$1.get(InterfaceUtil.scala:17)\n\tat sbt.TrapExit$App.run(TrapExit.scala:258)\n\tat java.lang.Thread.run(Thread.java:748)"})[0m
[0m[[0m[0mdebug[0m] [0m[0mjsonRpcNotify: JsonRpcNotificationMessage(2.0, build/logMessage, {"type":4,"message":"\tThread run-main-18 exited."})[0m
[0m[[0m[0mdebug[0m] [0m[0mjsonRpcNotify: JsonRpcNotificationMessage(2.0, build/logMessage, {"type":4,"message":"Interrupting remaining threads (should be all daemons)."})[0m
[0m[[0m[0mdebug[0m] [0m[0mjsonRpcNotify: JsonRpcNotificationMessage(2.0, build/logMessage, {"type":4,"message":"Sandboxed run complete.."})[0m
[0m[[0m[31merror[0m] [0m[0mNonzero exit code: 1[0m
[0m[[0m[0mdebug[0m] [0m[0mjsonRpcNotify: JsonRpcNotificationMessage(2.0, build/logMessage, {"type":1,"message":"Nonzero exit code: 1"})[0m
[0m[[0m[31merror[0m] [0m[0m(Compile / [31mrun[0m) Nonzero exit code: 1[0m
[0m[[0m[0mdebug[0m] [0m[0mjsonRpcNotify: JsonRpcNotificationMessage(2.0, build/logMessage, {"type":1,"message":"(Compile / \u001b[31mrun\u001b[0m) Nonzero exit code: 1"})[0m
[0m[[0m[31merror[0m] [0m[0mTotal time: 1 s, completed Dec 3, 2021 10:54:45 PM[0m
[0m[[0m[0mdebug[0m] [0m[0m> Exec(shell, None, None)[0m
[0m[[0m[0mdebug[0m] [0m[0mUnhandled notification received: $/setTraceNotification: JsonRpcNotificationMessage(2.0, $/setTraceNotification, {"value":"off"})[0m
[0m[[0m[0mdebug[0m] [0m[0mUnhandled notification received: $/setTraceNotification: JsonRpcNotificationMessage(2.0, $/setTraceNotification, {"value":"off"})[0m
[0m[[0m[0mdebug[0m] [0m[0mUnhandled notification received: $/setTraceNotification: JsonRpcNotificationMessage(2.0, $/setTraceNotification, {"value":"off"})[0m
[0m[[0m[0mdebug[0m] [0m[0mUnhandled notification received: $/setTraceNotification: JsonRpcNotificationMessage(2.0, $/setTraceNotification, {"value":"off"})[0m
[0m[[0m[0mdebug[0m] [0m[0mUnhandled request received: shutdown: JsonRpcRequestMessage(2.0, ♨5, shutdown, null})[0m
