[0m[[0m[0mdebug[0m] [0m[0m> Exec(;Test/compile; collectAnalyses, None, Some(CommandSource(network-2)))[0m
[0m[[0m[0mdebug[0m] [0m[0munmatched Processing event for requestId None: None[0m
[0m[[0m[0mdebug[0m] [0m[0munmatched Done event for requestId None: None[0m
[0m[[0m[0mdebug[0m] [0m[0m> Exec(Test/compile, None, Some(CommandSource(network-2)))[0m
[0m[[0m[0mdebug[0m] [0m[0munmatched Processing event for requestId None: None[0m
[0m[[0m[0mdebug[0m] [0m[0mEvaluating tasks: Test / compile[0m
[0m[[0m[0mdebug[0m] [0m[0mRunning task... Cancel: bloop.integrations.sbt.Offloader$$anon$1@5bbc033f, check cycles: false, forcegc: true[0m
[0m[[0m[0mdebug[0m] [0m[0mjsonRpcNotify: JsonRpcNotificationMessage(2.0, build/taskStart, {"taskId":{"id":"91","parents":[]},"eventTime":1640352265593,"message":"Compiling root","dataKind":"compile-task","data":{"target":{"uri":"file:/home/adricu/workspace/fun/advent2021/#root/Compile"}}})[0m
[0m[[0m[0minfo[0m] [0m[0mcompiling 1 Scala source to /home/adricu/workspace/fun/advent2021/target/scala-3.1.0/classes ...[0m
[0m[[0m[0mdebug[0m] [0m[0mjsonRpcNotify: JsonRpcNotificationMessage(2.0, build/logMessage, {"type":3,"message":"compiling 1 Scala source to /home/adricu/workspace/fun/advent2021/target/scala-3.1.0/classes ..."})[0m
[0m[[0m[0mdebug[0m] [0m[0mjsonRpcNotify: JsonRpcNotificationMessage(2.0, build/publishDiagnostics, {"textDocument":{"uri":"file:///home/adricu/workspace/fun/advent2021/src/main/scala/day3.scala"},"buildTarget":{"uri":"file:/home/adricu/workspace/fun/advent2021/#root/Compile"},"diagnostics":[{"range":{"start":{"line":9,"character":81},"end":{"line":9,"character":81}},"severity":1,"source":"sbt","message":"expression expected but \u001b[31m')'\u001b[0m found"}],"reset":false})[0m
[0m[[0m[31merror[0m] [0m[0m[31m-- [E018] Syntax Error: /home/adricu/workspace/fun/advent2021/src/main/scala/day3.scala:10:81 [0m[0m
[0m[[0m[31merror[0m] [0m[0m[31m10 |[0m    [33mdef[0m [36mpart1[0m([36minput[0m: [35mSeq[String][0m): [35mInt[0m = input.groupBy([36mrecord[0m => (record.charAt, ))[0m
[0m[[0m[31merror[0m] [0m[0m   |                                                                                 [31m^[0m[0m
[0m[[0m[31merror[0m] [0m[0m   |                                       expression expected but [31m')'[0m found[0m
[0m[[0m[0mdebug[0m] [0m[0mjsonRpcNotify: JsonRpcNotificationMessage(2.0, build/logMessage, {"type":1,"message":"\u001b[31m-- [E018] Syntax Error: /home/adricu/workspace/fun/advent2021/src/main/scala/day3.scala:10:81 \u001b[0m\n\u001b[31m10 |\u001b[0m    \u001b[33mdef\u001b[0m \u001b[36mpart1\u001b[0m(\u001b[36minput\u001b[0m: \u001b[35mSeq[String]\u001b[0m): \u001b[35mInt\u001b[0m = input.groupBy(\u001b[36mrecord\u001b[0m => (record.charAt, ))\n   |                                                                                 \u001b[31m^\u001b[0m\n   |                                       expression expected but \u001b[31m')'\u001b[0m found"})[0m
[0m[[0m[0mdebug[0m] [0m[0mjsonRpcNotify: JsonRpcNotificationMessage(2.0, build/publishDiagnostics, {"textDocument":{"uri":"file:///home/adricu/workspace/fun/advent2021/src/main/scala/day3.scala"},"buildTarget":{"uri":"file:/home/adricu/workspace/fun/advent2021/#root/Compile"},"diagnostics":[{"range":{"start":{"line":17,"character":76},"end":{"line":17,"character":87}},"severity":1,"source":"sbt","message":"Not found: parseBinary"}],"reset":false})[0m
[0m[[0m[31merror[0m] [0m[0m[31m-- [E006] Not Found Error: /home/adricu/workspace/fun/advent2021/src/main/scala/day3.scala:18:76 [0m[0m
[0m[[0m[31merror[0m] [0m[0m[31m18 |[0m    [33mdef[0m [36mparseBinaries[0m([36minput[0m: [35mString[0m): [35mSeq[Binary][0m = input.linesIterator.map(parseBinary).toSeq[0m
[0m[[0m[31merror[0m] [0m[0m   |                                                                            [31m^^^^^^^^^^^[0m[0m
[0m[[0m[31merror[0m] [0m[0m   |                                                  Not found: parseBinary[0m
[0m[[0m[0mdebug[0m] [0m[0mjsonRpcNotify: JsonRpcNotificationMessage(2.0, build/logMessage, {"type":1,"message":"\u001b[31m-- [E006] Not Found Error: /home/adricu/workspace/fun/advent2021/src/main/scala/day3.scala:18:76 \u001b[0m\n\u001b[31m18 |\u001b[0m    \u001b[33mdef\u001b[0m \u001b[36mparseBinaries\u001b[0m(\u001b[36minput\u001b[0m: \u001b[35mString\u001b[0m): \u001b[35mSeq[Binary]\u001b[0m = input.linesIterator.map(parseBinary).toSeq\n   |                                                                            \u001b[31m^^^^^^^^^^^\u001b[0m\n   |                                                  Not found: parseBinary"})[0m
[0m[[0m[0mdebug[0m] [0m[0mjsonRpcNotify: JsonRpcNotificationMessage(2.0, build/publishDiagnostics, {"textDocument":{"uri":"file:///home/adricu/workspace/fun/advent2021/src/main/scala/day3.scala"},"buildTarget":{"uri":"file:/home/adricu/workspace/fun/advent2021/#root/Compile"},"diagnostics":[{"range":{"start":{"line":17,"character":8},"end":{"line":17,"character":8}},"severity":1,"source":"sbt","message":"Double definition:\ndef parseBinaries(input: String): Seq[day3.Binary] in \u001b[33mobject\u001b[0m \u001b[35mday3\u001b[0m at line 14 and\ndef parseBinaries(input: String): Seq[day3.Binary] in \u001b[33mobject\u001b[0m \u001b[35mday3\u001b[0m at line 18\nhave the same type after erasure.\n\nConsider adding a @targetName annotation to one of the conflicting definitions\nfor disambiguation."}],"reset":false})[0m
[0m[[0m[31merror[0m] [0m[0m[31m-- [E120] Naming Error: /home/adricu/workspace/fun/advent2021/src/main/scala/day3.scala:18:8 [0m[0m
[0m[[0m[31merror[0m] [0m[0m[31m18 |[0m    [33mdef[0m [36mparseBinaries[0m([36minput[0m: [35mString[0m): [35mSeq[Binary][0m = input.linesIterator.map(parseBinary).toSeq[0m
[0m[[0m[31merror[0m] [0m[0m   |        [31m^[0m[0m
[0m[[0m[31merror[0m] [0m[0m   |Double definition:[0m
[0m[[0m[31merror[0m] [0m[0m   |def parseBinaries(input: String): Seq[day3.Binary] in [33mobject[0m [35mday3[0m at line 14 and[0m
[0m[[0m[31merror[0m] [0m[0m   |def parseBinaries(input: String): Seq[day3.Binary] in [33mobject[0m [35mday3[0m at line 18[0m
[0m[[0m[31merror[0m] [0m[0m   |have the same type after erasure.[0m
[0m[[0m[31merror[0m] [0m[0m   |[0m
[0m[[0m[31merror[0m] [0m[0m   |Consider adding a @targetName annotation to one of the conflicting definitions[0m
[0m[[0m[31merror[0m] [0m[0m   |for disambiguation.[0m
[0m[[0m[0mdebug[0m] [0m[0mjsonRpcNotify: JsonRpcNotificationMessage(2.0, build/logMessage, {"type":1,"message":"\u001b[31m-- [E120] Naming Error: /home/adricu/workspace/fun/advent2021/src/main/scala/day3.scala:18:8 \u001b[0m\n\u001b[31m18 |\u001b[0m    \u001b[33mdef\u001b[0m \u001b[36mparseBinaries\u001b[0m(\u001b[36minput\u001b[0m: \u001b[35mString\u001b[0m): \u001b[35mSeq[Binary]\u001b[0m = input.linesIterator.map(parseBinary).toSeq\n   |        \u001b[31m^\u001b[0m\n   |Double definition:\n   |def parseBinaries(input: String): Seq[day3.Binary] in \u001b[33mobject\u001b[0m \u001b[35mday3\u001b[0m at line 14 and\n   |def parseBinaries(input: String): Seq[day3.Binary] in \u001b[33mobject\u001b[0m \u001b[35mday3\u001b[0m at line 18\n   |have the same type after erasure.\n   |\n   |Consider adding a @targetName annotation to one of the conflicting definitions\n   |for disambiguation."})[0m
[0m[[0m[31merror[0m] [0m[0mthree errors found[0m
[0m[[0m[0mdebug[0m] [0m[0mjsonRpcNotify: JsonRpcNotificationMessage(2.0, build/logMessage, {"type":1,"message":"three errors found"})[0m
[0m[[0m[31merror[0m] [0m[0mthree errors found[0m
[0m[[0m[0mdebug[0m] [0m[0mjsonRpcNotify: JsonRpcNotificationMessage(2.0, build/logMessage, {"type":1,"message":"three errors found"})[0m
[0m[[0m[0mdebug[0m] [0m[0mjsonRpcNotify: JsonRpcNotificationMessage(2.0, build/publishDiagnostics, {"textDocument":{"uri":"file:///home/adricu/workspace/fun/advent2021/src/main/scala/day2.scala"},"buildTarget":{"uri":"file:/home/adricu/workspace/fun/advent2021/#root/Compile"},"diagnostics":[],"reset":true})[0m
[0m[[0m[0mdebug[0m] [0m[0mjsonRpcNotify: JsonRpcNotificationMessage(2.0, build/publishDiagnostics, {"textDocument":{"uri":"file:///home/adricu/workspace/fun/advent2021/src/main/scala/day3.scala"},"buildTarget":{"uri":"file:/home/adricu/workspace/fun/advent2021/#root/Compile"},"diagnostics":[{"range":{"start":{"line":9,"character":81},"end":{"line":9,"character":81}},"severity":1,"source":"sbt","message":"expression expected but \u001b[31m')'\u001b[0m found"},{"range":{"start":{"line":17,"character":76},"end":{"line":17,"character":87}},"severity":1,"source":"sbt","message":"Not found: parseBinary"},{"range":{"start":{"line":17,"character":8},"end":{"line":17,"character":8}},"severity":1,"source":"sbt","message":"Double definition:\ndef parseBinaries(input: String): Seq[day3.Binary] in \u001b[33mobject\u001b[0m \u001b[35mday3\u001b[0m at line 14 and\ndef parseBinaries(input: String): Seq[day3.Binary] in \u001b[33mobject\u001b[0m \u001b[35mday3\u001b[0m at line 18\nhave the same type after erasure.\n\nConsider adding a @targetName annotation to one of the conflicting definitions\nfor disambiguation."}],"reset":true})[0m
[0m[[0m[0mdebug[0m] [0m[0mjsonRpcNotify: JsonRpcNotificationMessage(2.0, build/publishDiagnostics, {"textDocument":{"uri":"file:///home/adricu/workspace/fun/advent2021/src/main/scala/day1.scala"},"buildTarget":{"uri":"file:/home/adricu/workspace/fun/advent2021/#root/Compile"},"diagnostics":[],"reset":true})[0m
[0m[[0m[0mdebug[0m] [0m[0mjsonRpcNotify: JsonRpcNotificationMessage(2.0, build/publishDiagnostics, {"textDocument":{"uri":"file:///home/adricu/workspace/fun/advent2021/src/main/scala/Main.scala"},"buildTarget":{"uri":"file:/home/adricu/workspace/fun/advent2021/#root/Compile"},"diagnostics":[],"reset":true})[0m
[0m[[0m[0mdebug[0m] [0m[0mjsonRpcNotify: JsonRpcNotificationMessage(2.0, build/taskFinish, {"taskId":{"id":"91","parents":[]},"eventTime":1640352265855,"message":"Compiled root","status":2,"dataKind":"compile-report","data":{"target":{"uri":"file:/home/adricu/workspace/fun/advent2021/#root/Compile"},"errors":3,"warnings":0,"time":262}})[0m
[0m[[0m[0mdebug[0m] [0m[0munmatched json error for requestId None: {"code":-32603,"message":"(Compile / \u001b[31mcompileIncremental\u001b[0m) Compilation failed"}[0m
[0m[[0m[31merror[0m] [0m[0m(Compile / [31mcompileIncremental[0m) Compilation failed[0m
[0m[[0m[0mdebug[0m] [0m[0mjsonRpcNotify: JsonRpcNotificationMessage(2.0, build/logMessage, {"type":1,"message":"(Compile / \u001b[31mcompileIncremental\u001b[0m) Compilation failed"})[0m
[0m[[0m[31merror[0m] [0m[0mTotal time: 0 s, completed Dec 24, 2021 2:24:25 PM[0m
[0m[[0m[0mdebug[0m] [0m[0munmatched Done event for requestId None: None[0m
[0m[[0m[0mdebug[0m] [0m[0m> Exec(shell, None, None)[0m
